This file contains any messages produced by compilers while
running configure, to aid debugging if configure makes a mistake.

It was created by bitstring configure 0.0, which was
generated by GNU Autoconf 2.65.  Invocation command line was

  $ ../configure --srcdir=.. --prefix=/media/DATA/source/svn-cbitstring/branches/autotools/bitstring-0.0/_inst

## --------- ##
## Platform. ##
## --------- ##

hostname = dfp-buntu
uname -m = i686
uname -r = 2.6.32-33-generic
uname -s = Linux
uname -v = #72-Ubuntu SMP Fri Jul 29 21:08:37 UTC 2011

/usr/bin/uname -p = unknown
/bin/uname -X     = unknown

/bin/arch              = unknown
/usr/bin/arch -k       = unknown
/usr/convex/getsysinfo = unknown
/usr/bin/hostinfo      = unknown
/bin/machine           = unknown
/usr/bin/oslevel       = unknown
/bin/universe          = unknown

PATH: /usr/local/sbin
PATH: /usr/local/bin
PATH: /usr/sbin
PATH: /usr/bin
PATH: /sbin
PATH: /bin
PATH: /usr/games


## ----------- ##
## Core tests. ##
## ----------- ##

configure:2450: checking for a BSD-compatible install
configure:2518: result: /usr/bin/install -c
configure:2529: checking whether build environment is sane
configure:2579: result: yes
configure:2720: checking for a thread-safe mkdir -p
configure:2759: result: /bin/mkdir -p
configure:2772: checking for gawk
configure:2788: found /usr/bin/gawk
configure:2799: result: gawk
configure:2810: checking whether make sets $(MAKE)
configure:2832: result: yes
configure:2941: checking build system type
configure:2955: result: i686-pc-linux-gnu
configure:2975: checking host system type
configure:2988: result: i686-pc-linux-gnu
configure:3020: checking for style of include used by make
configure:3048: result: GNU
configure:3118: checking for gcc
configure:3134: found /usr/bin/gcc
configure:3145: result: gcc
configure:3374: checking for C compiler version
configure:3383: gcc --version >&5
gcc (Ubuntu 4.4.3-4ubuntu5) 4.4.3
Copyright (C) 2009 Free Software Foundation, Inc.
This is free software; see the source for copying conditions.  There is NO
warranty; not even for MERCHANTABILITY or FITNESS FOR A PARTICULAR PURPOSE.

configure:3394: $? = 0
configure:3383: gcc -v >&5
Using built-in specs.
Target: i486-linux-gnu
Configured with: ../src/configure -v --with-pkgversion='Ubuntu 4.4.3-4ubuntu5' --with-bugurl=file:///usr/share/doc/gcc-4.4/README.Bugs --enable-languages=c,c++,fortran,objc,obj-c++ --prefix=/usr --enable-shared --enable-multiarch --enable-linker-build-id --with-system-zlib --libexecdir=/usr/lib --without-included-gettext --enable-threads=posix --with-gxx-include-dir=/usr/include/c++/4.4 --program-suffix=-4.4 --enable-nls --enable-clocale=gnu --enable-libstdcxx-debug --enable-plugin --enable-objc-gc --enable-targets=all --disable-werror --with-arch-32=i486 --with-tune=generic --enable-checking=release --build=i486-linux-gnu --host=i486-linux-gnu --target=i486-linux-gnu
Thread model: posix
gcc version 4.4.3 (Ubuntu 4.4.3-4ubuntu5) 
configure:3394: $? = 0
configure:3383: gcc -V >&5
gcc: '-V' option must have argument
configure:3394: $? = 1
configure:3383: gcc -qversion >&5
gcc: unrecognized option '-qversion'
gcc: no input files
configure:3394: $? = 1
configure:3414: checking whether the C compiler works
configure:3436: gcc    conftest.c  >&5
configure:3440: $? = 0
configure:3489: result: yes
configure:3492: checking for C compiler default output file name
configure:3494: result: a.out
configure:3500: checking for suffix of executables
configure:3507: gcc -o conftest    conftest.c  >&5
configure:3511: $? = 0
configure:3533: result: 
configure:3555: checking whether we are cross compiling
configure:3563: gcc -o conftest    conftest.c  >&5
configure:3567: $? = 0
configure:3574: ./conftest
configure:3578: $? = 0
configure:3593: result: no
configure:3598: checking for suffix of object files
configure:3620: gcc -c   conftest.c >&5
configure:3624: $? = 0
configure:3645: result: o
configure:3649: checking whether we are using the GNU C compiler
configure:3668: gcc -c   conftest.c >&5
configure:3668: $? = 0
configure:3677: result: yes
configure:3686: checking whether gcc accepts -g
configure:3706: gcc -c -g  conftest.c >&5
configure:3706: $? = 0
configure:3747: result: yes
configure:3764: checking for gcc option to accept ISO C89
configure:3828: gcc  -c -g -O2  conftest.c >&5
configure:3828: $? = 0
configure:3841: result: none needed
configure:3863: checking dependency style of gcc
configure:3973: result: gcc3
configure:3988: checking for a sed that does not truncate output
configure:4052: result: /bin/sed
configure:4070: checking for grep that handles long lines and -e
configure:4128: result: /bin/grep
configure:4133: checking for egrep
configure:4195: result: /bin/grep -E
configure:4200: checking for fgrep
configure:4262: result: /bin/grep -F
configure:4297: checking for ld used by gcc
configure:4364: result: /usr/bin/ld
configure:4371: checking if the linker (/usr/bin/ld) is GNU ld
configure:4386: result: yes
configure:4398: checking for BSD- or MS-compatible name lister (nm)
configure:4447: result: /usr/bin/nm -B
configure:4565: checking the name lister (/usr/bin/nm -B) interface
configure:4572: gcc -c -g -O2  conftest.c >&5
configure:4575: /usr/bin/nm -B "conftest.o"
configure:4578: output
00000000 B some_variable
configure:4585: result: BSD nm
configure:4588: checking whether ln -s works
configure:4592: result: yes
configure:4600: checking the maximum length of command line arguments
configure:4720: result: 805306365
configure:4737: checking whether the shell understands some XSI constructs
configure:4747: result: yes
configure:4751: checking whether the shell understands "+="
configure:4757: result: yes
configure:4792: checking for /usr/bin/ld option to reload object files
configure:4799: result: -r
configure:4868: checking for objdump
configure:4884: found /usr/bin/objdump
configure:4895: result: objdump
configure:4927: checking how to recognize dependent libraries
configure:5123: result: pass_all
configure:5183: checking for ar
configure:5199: found /usr/bin/ar
configure:5210: result: ar
configure:5288: checking for strip
configure:5304: found /usr/bin/strip
configure:5315: result: strip
configure:5387: checking for ranlib
configure:5403: found /usr/bin/ranlib
configure:5414: result: ranlib
configure:5504: checking command to parse /usr/bin/nm -B output from gcc object
configure:5622: gcc -c -g -O2  conftest.c >&5
configure:5625: $? = 0
configure:5629: /usr/bin/nm -B conftest.o \| sed -n -e 's/^.*[	 ]\([ABCDGIRSTW][ABCDGIRSTW]*\)[	 ][	 ]*\([_A-Za-z][_A-Za-z0-9]*\)$/\1 \2 \2/p' \> conftest.nm
configure:5632: $? = 0
configure:5686: gcc -o conftest -g -O2   conftest.c conftstm.o >&5
configure:5689: $? = 0
configure:5727: result: ok
configure:6536: checking how to run the C preprocessor
configure:6567: gcc -E  conftest.c
configure:6567: $? = 0
configure:6581: gcc -E  conftest.c
conftest.c:11:28: error: ac_nonexistent.h: No such file or directory
configure:6581: $? = 1
configure: failed program was:
| /* confdefs.h */
| #define PACKAGE_NAME "bitstring"
| #define PACKAGE_TARNAME "bitstring"
| #define PACKAGE_VERSION "0.0"
| #define PACKAGE_STRING "bitstring 0.0"
| #define PACKAGE_BUGREPORT "bladyjoker@gmail.com"
| #define PACKAGE_URL ""
| #define PACKAGE "bitstring"
| #define VERSION "0.0"
| /* end confdefs.h.  */
| #include <ac_nonexistent.h>
configure:6606: result: gcc -E
configure:6626: gcc -E  conftest.c
configure:6626: $? = 0
configure:6640: gcc -E  conftest.c
conftest.c:11:28: error: ac_nonexistent.h: No such file or directory
configure:6640: $? = 1
configure: failed program was:
| /* confdefs.h */
| #define PACKAGE_NAME "bitstring"
| #define PACKAGE_TARNAME "bitstring"
| #define PACKAGE_VERSION "0.0"
| #define PACKAGE_STRING "bitstring 0.0"
| #define PACKAGE_BUGREPORT "bladyjoker@gmail.com"
| #define PACKAGE_URL ""
| #define PACKAGE "bitstring"
| #define VERSION "0.0"
| /* end confdefs.h.  */
| #include <ac_nonexistent.h>
configure:6669: checking for ANSI C header files
configure:6689: gcc -c -g -O2  conftest.c >&5
configure:6689: $? = 0
configure:6762: gcc -o conftest -g -O2   conftest.c  >&5
configure:6762: $? = 0
configure:6762: ./conftest
configure:6762: $? = 0
configure:6773: result: yes
configure:6786: checking for sys/types.h
configure:6786: gcc -c -g -O2  conftest.c >&5
configure:6786: $? = 0
configure:6786: result: yes
configure:6786: checking for sys/stat.h
configure:6786: gcc -c -g -O2  conftest.c >&5
configure:6786: $? = 0
configure:6786: result: yes
configure:6786: checking for stdlib.h
configure:6786: gcc -c -g -O2  conftest.c >&5
configure:6786: $? = 0
configure:6786: result: yes
configure:6786: checking for string.h
configure:6786: gcc -c -g -O2  conftest.c >&5
configure:6786: $? = 0
configure:6786: result: yes
configure:6786: checking for memory.h
configure:6786: gcc -c -g -O2  conftest.c >&5
configure:6786: $? = 0
configure:6786: result: yes
configure:6786: checking for strings.h
configure:6786: gcc -c -g -O2  conftest.c >&5
configure:6786: $? = 0
configure:6786: result: yes
configure:6786: checking for inttypes.h
configure:6786: gcc -c -g -O2  conftest.c >&5
configure:6786: $? = 0
configure:6786: result: yes
configure:6786: checking for stdint.h
configure:6786: gcc -c -g -O2  conftest.c >&5
configure:6786: $? = 0
configure:6786: result: yes
configure:6786: checking for unistd.h
configure:6786: gcc -c -g -O2  conftest.c >&5
configure:6786: $? = 0
configure:6786: result: yes
configure:6801: checking for dlfcn.h
configure:6801: gcc -c -g -O2  conftest.c >&5
configure:6801: $? = 0
configure:6801: result: yes
configure:6985: checking for objdir
configure:7000: result: .libs
configure:7292: checking if gcc supports -fno-rtti -fno-exceptions
configure:7310: gcc -c -g -O2  -fno-rtti -fno-exceptions conftest.c >&5
cc1: warning: command line option "-fno-rtti" is valid for C++/ObjC++ but not for C
configure:7314: $? = 0
configure:7327: result: no
configure:7347: checking for gcc option to produce PIC
configure:7619: result: -fPIC -DPIC
configure:7631: checking if gcc PIC flag -fPIC -DPIC works
configure:7649: gcc -c -g -O2  -fPIC -DPIC -DPIC conftest.c >&5
configure:7653: $? = 0
configure:7666: result: yes
configure:7690: checking if gcc static flag -static works
configure:7718: result: yes
configure:7733: checking if gcc supports -c -o file.o
configure:7754: gcc -c -g -O2  -o out/conftest2.o conftest.c >&5
configure:7758: $? = 0
configure:7780: result: yes
configure:7788: checking if gcc supports -c -o file.o
configure:7835: result: yes
configure:7868: checking whether the gcc linker (/usr/bin/ld) supports shared libraries
configure:8859: result: yes
configure:8896: checking whether -lc should be explicitly linked in
configure:8901: gcc -c -g -O2  conftest.c >&5
configure:8904: $? = 0
configure:8919: gcc -shared conftest.o  -v -Wl,-soname -Wl,conftest -o conftest 2\>\&1 \| /bin/grep  -lc  \>/dev/null 2\>\&1
configure:8922: $? = 0
configure:8934: result: no
configure:9098: checking dynamic linker characteristics
configure:9531: gcc -o conftest -g -O2   -Wl,-rpath -Wl,/foo conftest.c  >&5
configure:9531: $? = 0
configure:9761: result: GNU/Linux ld.so
configure:9863: checking how to hardcode library paths into programs
configure:9888: result: immediate
configure:10408: checking whether stripping libraries is possible
configure:10413: result: yes
configure:10448: checking if libtool supports shared libraries
configure:10450: result: yes
configure:10453: checking whether to build shared libraries
configure:10474: result: yes
configure:10477: checking whether to build static libraries
configure:10481: result: yes
configure:10570: checking for gcc
configure:10597: result: gcc
configure:10826: checking for C compiler version
configure:10835: gcc --version >&5
gcc (Ubuntu 4.4.3-4ubuntu5) 4.4.3
Copyright (C) 2009 Free Software Foundation, Inc.
This is free software; see the source for copying conditions.  There is NO
warranty; not even for MERCHANTABILITY or FITNESS FOR A PARTICULAR PURPOSE.

configure:10846: $? = 0
configure:10835: gcc -v >&5
Using built-in specs.
Target: i486-linux-gnu
Configured with: ../src/configure -v --with-pkgversion='Ubuntu 4.4.3-4ubuntu5' --with-bugurl=file:///usr/share/doc/gcc-4.4/README.Bugs --enable-languages=c,c++,fortran,objc,obj-c++ --prefix=/usr --enable-shared --enable-multiarch --enable-linker-build-id --with-system-zlib --libexecdir=/usr/lib --without-included-gettext --enable-threads=posix --with-gxx-include-dir=/usr/include/c++/4.4 --program-suffix=-4.4 --enable-nls --enable-clocale=gnu --enable-libstdcxx-debug --enable-plugin --enable-objc-gc --enable-targets=all --disable-werror --with-arch-32=i486 --with-tune=generic --enable-checking=release --build=i486-linux-gnu --host=i486-linux-gnu --target=i486-linux-gnu
Thread model: posix
gcc version 4.4.3 (Ubuntu 4.4.3-4ubuntu5) 
configure:10846: $? = 0
configure:10835: gcc -V >&5
gcc: '-V' option must have argument
configure:10846: $? = 1
configure:10835: gcc -qversion >&5
gcc: unrecognized option '-qversion'
gcc: no input files
configure:10846: $? = 1
configure:10850: checking whether we are using the GNU C compiler
configure:10878: result: yes
configure:10887: checking whether gcc accepts -g
configure:10948: result: yes
configure:10965: checking for gcc option to accept ISO C89
configure:11042: result: none needed
configure:11064: checking dependency style of gcc
configure:11174: result: gcc3
configure:11196: checking for inttypes.h
configure:11196: result: yes
configure:11196: checking malloc.h usability
configure:11196: gcc -c -g -O2  conftest.c >&5
configure:11196: $? = 0
configure:11196: result: yes
configure:11196: checking malloc.h presence
configure:11196: gcc -E  conftest.c
configure:11196: $? = 0
configure:11196: result: yes
configure:11196: checking for malloc.h
configure:11196: result: yes
configure:11196: checking stddef.h usability
configure:11196: gcc -c -g -O2  conftest.c >&5
configure:11196: $? = 0
configure:11196: result: yes
configure:11196: checking stddef.h presence
configure:11196: gcc -E  conftest.c
configure:11196: $? = 0
configure:11196: result: yes
configure:11196: checking for stddef.h
configure:11196: result: yes
configure:11196: checking for stdlib.h
configure:11196: result: yes
configure:11196: checking for string.h
configure:11196: result: yes
configure:11209: checking for size_t
configure:11209: gcc -c -g -O2  conftest.c >&5
configure:11209: $? = 0
configure:11209: gcc -c -g -O2  conftest.c >&5
conftest.c: In function 'main':
conftest.c:64: error: expected expression before ')' token
configure:11209: $? = 1
configure: failed program was:
| /* confdefs.h */
| #define PACKAGE_NAME "bitstring"
| #define PACKAGE_TARNAME "bitstring"
| #define PACKAGE_VERSION "0.0"
| #define PACKAGE_STRING "bitstring 0.0"
| #define PACKAGE_BUGREPORT "bladyjoker@gmail.com"
| #define PACKAGE_URL ""
| #define PACKAGE "bitstring"
| #define VERSION "0.0"
| #define STDC_HEADERS 1
| #define HAVE_SYS_TYPES_H 1
| #define HAVE_SYS_STAT_H 1
| #define HAVE_STDLIB_H 1
| #define HAVE_STRING_H 1
| #define HAVE_MEMORY_H 1
| #define HAVE_STRINGS_H 1
| #define HAVE_INTTYPES_H 1
| #define HAVE_STDINT_H 1
| #define HAVE_UNISTD_H 1
| #define HAVE_DLFCN_H 1
| #define LT_OBJDIR ".libs/"
| #define HAVE_INTTYPES_H 1
| #define HAVE_MALLOC_H 1
| #define HAVE_STDDEF_H 1
| #define HAVE_STDLIB_H 1
| #define HAVE_STRING_H 1
| /* end confdefs.h.  */
| #include <stdio.h>
| #ifdef HAVE_SYS_TYPES_H
| # include <sys/types.h>
| #endif
| #ifdef HAVE_SYS_STAT_H
| # include <sys/stat.h>
| #endif
| #ifdef STDC_HEADERS
| # include <stdlib.h>
| # include <stddef.h>
| #else
| # ifdef HAVE_STDLIB_H
| #  include <stdlib.h>
| # endif
| #endif
| #ifdef HAVE_STRING_H
| # if !defined STDC_HEADERS && defined HAVE_MEMORY_H
| #  include <memory.h>
| # endif
| # include <string.h>
| #endif
| #ifdef HAVE_STRINGS_H
| # include <strings.h>
| #endif
| #ifdef HAVE_INTTYPES_H
| # include <inttypes.h>
| #endif
| #ifdef HAVE_STDINT_H
| # include <stdint.h>
| #endif
| #ifdef HAVE_UNISTD_H
| # include <unistd.h>
| #endif
| int
| main ()
| {
| if (sizeof ((size_t)))
| 	    return 0;
|   ;
|   return 0;
| }
configure:11209: result: yes
configure:11220: checking for uint16_t
configure:11220: gcc -c -g -O2  conftest.c >&5
configure:11220: $? = 0
configure:11220: result: yes
configure:11236: checking for stdlib.h
configure:11236: result: yes
configure:11246: checking for GNU libc compatible malloc
configure:11270: gcc -o conftest -g -O2   conftest.c  >&5
configure:11270: $? = 0
configure:11270: ./conftest
configure:11270: $? = 0
configure:11280: result: yes
configure:11303: checking for stdlib.h
configure:11303: result: yes
configure:11313: checking for GNU libc compatible realloc
configure:11337: gcc -o conftest -g -O2   conftest.c  >&5
configure:11337: $? = 0
configure:11337: ./conftest
configure:11337: $? = 0
configure:11347: result: yes
configure:11494: creating ./config.status

## ---------------------- ##
## Running config.status. ##
## ---------------------- ##

This file was extended by bitstring config.status 0.0, which was
generated by GNU Autoconf 2.65.  Invocation command line was

  CONFIG_FILES    = 
  CONFIG_HEADERS  = 
  CONFIG_LINKS    = 
  CONFIG_COMMANDS = 
  $ ./config.status 

on dfp-buntu

config.status:1072: creating Makefile
config.status:1058: error: cannot find input file: `lua/Makefile.in'

## ---------------- ##
## Cache variables. ##
## ---------------- ##

ac_cv_build=i686-pc-linux-gnu
ac_cv_c_compiler_gnu=yes
ac_cv_c_uint16_t=yes
ac_cv_env_CC_set=
ac_cv_env_CC_value=
ac_cv_env_CFLAGS_set=
ac_cv_env_CFLAGS_value=
ac_cv_env_CPPFLAGS_set=
ac_cv_env_CPPFLAGS_value=
ac_cv_env_CPP_set=
ac_cv_env_CPP_value=
ac_cv_env_LDFLAGS_set=
ac_cv_env_LDFLAGS_value=
ac_cv_env_LIBS_set=
ac_cv_env_LIBS_value=
ac_cv_env_build_alias_set=
ac_cv_env_build_alias_value=
ac_cv_env_host_alias_set=
ac_cv_env_host_alias_value=
ac_cv_env_target_alias_set=
ac_cv_env_target_alias_value=
ac_cv_func_malloc_0_nonnull=yes
ac_cv_func_realloc_0_nonnull=yes
ac_cv_header_dlfcn_h=yes
ac_cv_header_inttypes_h=yes
ac_cv_header_malloc_h=yes
ac_cv_header_memory_h=yes
ac_cv_header_stdc=yes
ac_cv_header_stddef_h=yes
ac_cv_header_stdint_h=yes
ac_cv_header_stdlib_h=yes
ac_cv_header_string_h=yes
ac_cv_header_strings_h=yes
ac_cv_header_sys_stat_h=yes
ac_cv_header_sys_types_h=yes
ac_cv_header_unistd_h=yes
ac_cv_host=i686-pc-linux-gnu
ac_cv_objext=o
ac_cv_path_EGREP='/bin/grep -E'
ac_cv_path_FGREP='/bin/grep -F'
ac_cv_path_GREP=/bin/grep
ac_cv_path_SED=/bin/sed
ac_cv_path_install='/usr/bin/install -c'
ac_cv_path_mkdir=/bin/mkdir
ac_cv_prog_AWK=gawk
ac_cv_prog_CPP='gcc -E'
ac_cv_prog_ac_ct_AR=ar
ac_cv_prog_ac_ct_CC=gcc
ac_cv_prog_ac_ct_OBJDUMP=objdump
ac_cv_prog_ac_ct_RANLIB=ranlib
ac_cv_prog_ac_ct_STRIP=strip
ac_cv_prog_cc_c89=
ac_cv_prog_cc_g=yes
ac_cv_prog_make_make_set=yes
ac_cv_type_size_t=yes
am_cv_CC_dependencies_compiler_type=gcc3
lt_cv_deplibs_check_method=pass_all
lt_cv_file_magic_cmd='$MAGIC_CMD'
lt_cv_file_magic_test_file=
lt_cv_ld_reload_flag=-r
lt_cv_nm_interface='BSD nm'
lt_cv_objdir=.libs
lt_cv_path_LD=/usr/bin/ld
lt_cv_path_NM='/usr/bin/nm -B'
lt_cv_prog_compiler_c_o=yes
lt_cv_prog_compiler_pic_works=yes
lt_cv_prog_compiler_rtti_exceptions=no
lt_cv_prog_compiler_static_works=yes
lt_cv_prog_gnu_ld=yes
lt_cv_sys_global_symbol_pipe='sed -n -e '\''s/^.*[	 ]\([ABCDGIRSTW][ABCDGIRSTW]*\)[	 ][	 ]*\([_A-Za-z][_A-Za-z0-9]*\)$/\1 \2 \2/p'\'''
lt_cv_sys_global_symbol_to_c_name_address='sed -n -e '\''s/^: \([^ ]*\) $/  {\"\1\", (void *) 0},/p'\'' -e '\''s/^[ABCDGIRSTW]* \([^ ]*\) \([^ ]*\)$/  {"\2", (void *) \&\2},/p'\'''
lt_cv_sys_global_symbol_to_c_name_address_lib_prefix='sed -n -e '\''s/^: \([^ ]*\) $/  {\"\1\", (void *) 0},/p'\'' -e '\''s/^[ABCDGIRSTW]* \([^ ]*\) \(lib[^ ]*\)$/  {"\2", (void *) \&\2},/p'\'' -e '\''s/^[ABCDGIRSTW]* \([^ ]*\) \([^ ]*\)$/  {"lib\2", (void *) \&\2},/p'\'''
lt_cv_sys_global_symbol_to_cdecl='sed -n -e '\''s/^T .* \(.*\)$/extern int \1();/p'\'' -e '\''s/^[ABCDGIRSTW]* .* \(.*\)$/extern char \1;/p'\'''
lt_cv_sys_max_cmd_len=805306365

## ----------------- ##
## Output variables. ##
## ----------------- ##

ACLOCAL='${SHELL} /media/DATA/source/svn-cbitstring/branches/autotools/bitstring-0.0/missing --run aclocal-1.11'
AMDEPBACKSLASH='\'
AMDEP_FALSE='#'
AMDEP_TRUE=''
AMTAR='${SHELL} /media/DATA/source/svn-cbitstring/branches/autotools/bitstring-0.0/missing --run tar'
AR='ar'
AUTOCONF='${SHELL} /media/DATA/source/svn-cbitstring/branches/autotools/bitstring-0.0/missing --run autoconf'
AUTOHEADER='${SHELL} /media/DATA/source/svn-cbitstring/branches/autotools/bitstring-0.0/missing --run autoheader'
AUTOMAKE='${SHELL} /media/DATA/source/svn-cbitstring/branches/autotools/bitstring-0.0/missing --run automake-1.11'
AWK='gawk'
CC='gcc'
CCDEPMODE='depmode=gcc3'
CFLAGS='-std=c99'
CPP='gcc -E'
CPPFLAGS=''
CYGPATH_W='echo'
DEFS='-DHAVE_CONFIG_H'
DEPDIR='.deps'
DSYMUTIL=''
DUMPBIN=''
ECHO_C=''
ECHO_N='-n'
ECHO_T=''
EGREP='/bin/grep -E'
EXEEXT=''
FGREP='/bin/grep -F'
GREP='/bin/grep'
INSTALL_DATA='${INSTALL} -m 644'
INSTALL_PROGRAM='${INSTALL}'
INSTALL_SCRIPT='${INSTALL}'
INSTALL_STRIP_PROGRAM='$(install_sh) -c -s'
LD='/usr/bin/ld'
LDFLAGS=''
LIBOBJS=''
LIBS=''
LIBTOOL='$(SHELL) $(top_builddir)/libtool'
LIPO=''
LN_S='ln -s'
LTLIBOBJS=''
MAKEINFO='${SHELL} /media/DATA/source/svn-cbitstring/branches/autotools/bitstring-0.0/missing --run makeinfo'
MKDIR_P='/bin/mkdir -p'
NM='/usr/bin/nm -B'
NMEDIT=''
OBJDUMP='objdump'
OBJEXT='o'
OTOOL64=''
OTOOL=''
PACKAGE='bitstring'
PACKAGE_BUGREPORT='bladyjoker@gmail.com'
PACKAGE_NAME='bitstring'
PACKAGE_STRING='bitstring 0.0'
PACKAGE_TARNAME='bitstring'
PACKAGE_URL=''
PACKAGE_VERSION='0.0'
PATH_SEPARATOR=':'
RANLIB='ranlib'
SED='/bin/sed'
SET_MAKE=''
SHELL='/bin/bash'
STRIP='strip'
VERSION='0.0'
ac_ct_CC='gcc'
ac_ct_DUMPBIN=''
am__EXEEXT_FALSE=''
am__EXEEXT_TRUE='#'
am__fastdepCC_FALSE='#'
am__fastdepCC_TRUE=''
am__include='include'
am__isrc=' -I$(srcdir)'
am__leading_dot='.'
am__quote=''
am__tar='${AMTAR} chof - "$$tardir"'
am__untar='${AMTAR} xf -'
bindir='${exec_prefix}/bin'
build='i686-pc-linux-gnu'
build_alias=''
build_cpu='i686'
build_os='linux-gnu'
build_vendor='pc'
datadir='${datarootdir}'
datarootdir='${prefix}/share'
docdir='${datarootdir}/doc/${PACKAGE_TARNAME}'
dvidir='${docdir}'
exec_prefix='${prefix}'
host='i686-pc-linux-gnu'
host_alias=''
host_cpu='i686'
host_os='linux-gnu'
host_vendor='pc'
htmldir='${docdir}'
includedir='${prefix}/include'
infodir='${datarootdir}/info'
install_sh='${SHELL} /media/DATA/source/svn-cbitstring/branches/autotools/bitstring-0.0/install-sh'
libdir='${exec_prefix}/lib'
libexecdir='${exec_prefix}/libexec'
localedir='${datarootdir}/locale'
localstatedir='${prefix}/var'
lt_ECHO='echo'
mandir='${datarootdir}/man'
mkdir_p='/bin/mkdir -p'
oldincludedir='/usr/include'
pdfdir='${docdir}'
prefix='/media/DATA/source/svn-cbitstring/branches/autotools/bitstring-0.0/_inst'
program_transform_name='s,x,x,'
psdir='${docdir}'
sbindir='${exec_prefix}/sbin'
sharedstatedir='${prefix}/com'
sysconfdir='${prefix}/etc'
target_alias=''

## ----------- ##
## confdefs.h. ##
## ----------- ##

/* confdefs.h */
#define PACKAGE_NAME "bitstring"
#define PACKAGE_TARNAME "bitstring"
#define PACKAGE_VERSION "0.0"
#define PACKAGE_STRING "bitstring 0.0"
#define PACKAGE_BUGREPORT "bladyjoker@gmail.com"
#define PACKAGE_URL ""
#define PACKAGE "bitstring"
#define VERSION "0.0"
#define STDC_HEADERS 1
#define HAVE_SYS_TYPES_H 1
#define HAVE_SYS_STAT_H 1
#define HAVE_STDLIB_H 1
#define HAVE_STRING_H 1
#define HAVE_MEMORY_H 1
#define HAVE_STRINGS_H 1
#define HAVE_INTTYPES_H 1
#define HAVE_STDINT_H 1
#define HAVE_UNISTD_H 1
#define HAVE_DLFCN_H 1
#define LT_OBJDIR ".libs/"
#define HAVE_INTTYPES_H 1
#define HAVE_MALLOC_H 1
#define HAVE_STDDEF_H 1
#define HAVE_STDLIB_H 1
#define HAVE_STRING_H 1
#define HAVE_STDLIB_H 1
#define HAVE_MALLOC 1
#define HAVE_STDLIB_H 1
#define HAVE_REALLOC 1

configure: exit 1
